0 verbose cli /usr/bin/node /usr/bin/npm
1 info using npm@10.9.4
2 info using node@v22.22.0
3 silly config load:file:/usr/lib/node_modules/npm/npmrc
4 silly config load:file:/home/dan/.openclaw/workspace/projects/amazon-affiliate/.npmrc
5 silly config load:file:/home/dan/.npmrc
6 silly config load:file:/usr/etc/npmrc
7 verbose title npm install
8 verbose argv "install" "--cache" ".npm-cache"
9 verbose logfile logs-max:10 dir:/home/dan/.openclaw/workspace/projects/amazon-affiliate/.npm-cache/_logs/2026-03-10T04_51_11_722Z-
10 verbose logfile /home/dan/.openclaw/workspace/projects/amazon-affiliate/.npm-cache/_logs/2026-03-10T04_51_11_722Z-debug-0.log
11 silly logfile done cleaning log files
12 silly packumentCache heap:2197815296 maxSize:549453824 maxEntrySize:274726912
13 silly idealTree buildDeps
14 silly reify mark retired [
14 silly reify   '/home/dan/.openclaw/workspace/projects/amazon-affiliate/node_modules/anymatch'
14 silly reify ]
15 silly reify mark retired [
15 silly reify   '/home/dan/.openclaw/workspace/projects/amazon-affiliate/node_modules/argparse'
15 silly reify ]
16 silly reify mark retired [
16 silly reify   '/home/dan/.openclaw/workspace/projects/amazon-affiliate/node_modules/aria-query'
16 silly reify ]
17 silly reify mark retired [
17 silly reify   '/home/dan/.openclaw/workspace/projects/amazon-affiliate/node_modules/astro'
17 silly reify ]
18 silly reify mark retired [
18 silly reify   '/home/dan/.openclaw/workspace/projects/amazon-affiliate/node_modules/axobject-query'
18 silly reify ]
19 silly reify mark retired [
19 silly reify   '/home/dan/.openclaw/workspace/projects/amazon-affiliate/node_modules/commander'
19 silly reify ]
20 silly reify mark retired [
20 silly reify   '/home/dan/.openclaw/workspace/projects/amazon-affiliate/node_modules/crossws'
20 silly reify ]
21 silly reify mark retired [
21 silly reify   '/home/dan/.openclaw/workspace/projects/amazon-affiliate/node_modules/css-tree'
21 silly reify ]
22 silly reify mark retired [
22 silly reify   '/home/dan/.openclaw/workspace/projects/amazon-affiliate/node_modules/css-what'
22 silly reify ]
23 silly reify mark retired [
23 silly reify   '/home/dan/.openclaw/workspace/projects/amazon-affiliate/node_modules/csso'
23 silly reify ]
24 silly reify mark retired [
24 silly reify   '/home/dan/.openclaw/workspace/projects/amazon-affiliate/node_modules/diff'
24 silly reify ]
25 silly reify mark retired [
25 silly reify   '/home/dan/.openclaw/workspace/projects/amazon-affiliate/node_modules/magic-string'
25 silly reify ]
26 silly reify mark retired [
26 silly reify   '/home/dan/.openclaw/workspace/projects/amazon-affiliate/node_modules/magicast'
26 silly reify ]
27 silly reify mark retired [
27 silly reify   '/home/dan/.openclaw/workspace/projects/amazon-affiliate/node_modules/mdast-util-to-hast'
27 silly reify ]
28 silly reify mark retired [
28 silly reify   '/home/dan/.openclaw/workspace/projects/amazon-affiliate/node_modules/micromark'
28 silly reify ]
29 silly reify mark retired [
29 silly reify   '/home/dan/.openclaw/workspace/projects/amazon-affiliate/node_modules/micromark-extension-gfm-table'
29 silly reify ]
30 silly reify mark retired [
30 silly reify   '/home/dan/.openclaw/workspace/projects/amazon-affiliate/node_modules/node-mock-http'
30 silly reify ]
31 silly reify mark retired [
31 silly reify   '/home/dan/.openclaw/workspace/projects/amazon-affiliate/node_modules/parse-latin'
31 silly reify ]
32 silly reify mark retired [
32 silly reify   '/home/dan/.openclaw/workspace/projects/amazon-affiliate/node_modules/parse5'
32 silly reify ]
33 silly reify mark retired [
33 silly reify   '/home/dan/.openclaw/workspace/projects/amazon-affiliate/node_modules/postcss'
33 silly reify ]
34 silly reify mark retired [
34 silly reify   '/home/dan/.openclaw/workspace/projects/amazon-affiliate/node_modules/prismjs'
34 silly reify ]
35 silly reify mark retired [
35 silly reify   '/home/dan/.openclaw/workspace/projects/amazon-affiliate/node_modules/property-information'
35 silly reify ]
36 silly reify mark retired [
36 silly reify   '/home/dan/.openclaw/workspace/projects/amazon-affiliate/node_modules/regex'
36 silly reify ]
37 silly reify mark retired [
37 silly reify   '/home/dan/.openclaw/workspace/projects/amazon-affiliate/node_modules/shiki'
37 silly reify ]
38 silly reify mark retired [
38 silly reify   '/home/dan/.openclaw/workspace/projects/amazon-affiliate/node_modules/svgo'
38 silly reify ]
39 silly reify mark retired [
39 silly reify   '/home/dan/.openclaw/workspace/projects/amazon-affiliate/node_modules/type-fest'
39 silly reify ]
40 silly reify mark retired [
40 silly reify   '/home/dan/.openclaw/workspace/projects/amazon-affiliate/node_modules/ultrahtml'
40 silly reify ]
41 silly reify mark retired [
41 silly reify   '/home/dan/.openclaw/workspace/projects/amazon-affiliate/node_modules/unstorage'
41 silly reify ]
42 silly reify mark retired [
42 silly reify   '/home/dan/.openclaw/workspace/projects/amazon-affiliate/node_modules/vite'
42 silly reify ]
43 silly reify mark retired [
43 silly reify   '/home/dan/.openclaw/workspace/projects/amazon-affiliate/node_modules/zod'
43 silly reify ]
44 silly reify mark retired [
44 silly reify   '/home/dan/.openclaw/workspace/projects/amazon-affiliate/node_modules/zod-to-json-schema'
44 silly reify ]
45 silly reify mark retired [
45 silly reify   '/home/dan/.openclaw/workspace/projects/amazon-affiliate/node_modules/@astrojs/compiler'
45 silly reify ]
46 silly reify mark retired [
46 silly reify   '/home/dan/.openclaw/workspace/projects/amazon-affiliate/node_modules/@astrojs/telemetry'
46 silly reify ]
47 silly reify mark retired [
47 silly reify   '/home/dan/.openclaw/workspace/projects/amazon-affiliate/node_modules/@jridgewell/sourcemap-codec'
47 silly reify ]
48 silly reify mark retired [
48 silly reify   '/home/dan/.openclaw/workspace/projects/amazon-affiliate/node_modules/@shikijs/langs'
48 silly reify ]
49 silly reify mark retired [
49 silly reify   '/home/dan/.openclaw/workspace/projects/amazon-affiliate/node_modules/@shikijs/themes'
49 silly reify ]
50 silly reify mark retired [
50 silly reify   '/home/dan/.openclaw/workspace/projects/amazon-affiliate/node_modules/@rollup/pluginutils'
50 silly reify ]
51 silly reify mark retired [
51 silly reify   '/home/dan/.openclaw/workspace/projects/amazon-affiliate/node_modules/acorn',
51 silly reify   '/home/dan/.openclaw/workspace/projects/amazon-affiliate/node_modules/.bin/acorn'
51 silly reify ]
52 silly reify moves {
52 silly reify   '/home/dan/.openclaw/workspace/projects/amazon-affiliate/node_modules/anymatch': '/home/dan/.openclaw/workspace/projects/amazon-affiliate/node_modules/.anymatch-ORfQK2wd',
52 silly reify   '/home/dan/.openclaw/workspace/projects/amazon-affiliate/node_modules/argparse': '/home/dan/.openclaw/workspace/projects/amazon-affiliate/node_modules/.argparse-odDuumNc',
52 silly reify   '/home/dan/.openclaw/workspace/projects/amazon-affiliate/node_modules/aria-query': '/home/dan/.openclaw/workspace/projects/amazon-affiliate/node_modules/.aria-query-9ajBNPJP',
52 silly reify   '/home/dan/.openclaw/workspace/projects/amazon-affiliate/node_modules/astro': '/home/dan/.openclaw/workspace/projects/amazon-affiliate/node_modules/.astro-psK1PBiQ',
52 silly reify   '/home/dan/.openclaw/workspace/projects/amazon-affiliate/node_modules/axobject-query': '/home/dan/.openclaw/workspace/projects/amazon-affiliate/node_modules/.axobject-query-XJvjuuD3',
52 silly reify   '/home/dan/.openclaw/workspace/projects/amazon-affiliate/node_modules/commander': '/home/dan/.openclaw/workspace/projects/amazon-affiliate/node_modules/.commander-jeR1AB8w',
52 silly reify   '/home/dan/.openclaw/workspace/projects/amazon-affiliate/node_modules/crossws': '/home/dan/.openclaw/workspace/projects/amazon-affiliate/node_modules/.crossws-QdWml03z',
52 silly reify   '/home/dan/.openclaw/workspace/projects/amazon-affiliate/node_modules/css-tree': '/home/dan/.openclaw/workspace/projects/amazon-affiliate/node_modules/.css-tree-zbAyfnZm',
52 silly reify   '/home/dan/.openclaw/workspace/projects/amazon-affiliate/node_modules/css-what': '/home/dan/.openclaw/workspace/projects/amazon-affiliate/node_modules/.css-what-W3G4HERH',
52 silly reify   '/home/dan/.openclaw/workspace/projects/amazon-affiliate/node_modules/csso': '/home/dan/.openclaw/workspace/projects/amazon-affiliate/node_modules/.csso-si5vHv1O',
52 silly reify   '/home/dan/.openclaw/workspace/projects/amazon-affiliate/node_modules/diff': '/home/dan/.openclaw/workspace/projects/amazon-affiliate/node_modules/.diff-PzTbwE4Q',
52 silly reify   '/home/dan/.openclaw/workspace/projects/amazon-affiliate/node_modules/magic-string': '/home/dan/.openclaw/workspace/projects/amazon-affiliate/node_modules/.magic-string-aZQzdfhu',
52 silly reify   '/home/dan/.openclaw/workspace/projects/amazon-affiliate/node_modules/magicast': '/home/dan/.openclaw/workspace/projects/amazon-affiliate/node_modules/.magicast-f4Y1dW2E',
52 silly reify   '/home/dan/.openclaw/workspace/projects/amazon-affiliate/node_modules/mdast-util-to-hast': '/home/dan/.openclaw/workspace/projects/amazon-affiliate/node_modules/.mdast-util-to-hast-hsIbh5i4',
52 silly reify   '/home/dan/.openclaw/workspace/projects/amazon-affiliate/node_modules/micromark': '/home/dan/.openclaw/workspace/projects/amazon-affiliate/node_modules/.micromark-ASWGamIe',
52 silly reify   '/home/dan/.openclaw/workspace/projects/amazon-affiliate/node_modules/micromark-extension-gfm-table': '/home/dan/.openclaw/workspace/projects/amazon-affiliate/node_modules/.micromark-extension-gfm-table-7fLIMxgm',
52 silly reify   '/home/dan/.openclaw/workspace/projects/amazon-affiliate/node_modules/node-mock-http': '/home/dan/.openclaw/workspace/projects/amazon-affiliate/node_modules/.node-mock-http-1broRPbr',
52 silly reify   '/home/dan/.openclaw/workspace/projects/amazon-affiliate/node_modules/parse-latin': '/home/dan/.openclaw/workspace/projects/amazon-affiliate/node_modules/.parse-latin-3frWEhXj',
52 silly reify   '/home/dan/.openclaw/workspace/projects/amazon-affiliate/node_modules/parse5': '/home/dan/.openclaw/workspace/projects/amazon-affiliate/node_modules/.parse5-8qIGtWcD',
52 silly reify   '/home/dan/.openclaw/workspace/projects/amazon-affiliate/node_modules/postcss': '/home/dan/.openclaw/workspace/projects/amazon-affiliate/node_modules/.postcss-i0O3QX5N',
52 silly reify   '/home/dan/.openclaw/workspace/projects/amazon-affiliate/node_modules/prismjs': '/home/dan/.openclaw/workspace/projects/amazon-affiliate/node_modules/.prismjs-PrYIUBjI',
52 silly reify   '/home/dan/.openclaw/workspace/projects/amazon-affiliate/node_modules/property-information': '/home/dan/.openclaw/workspace/projects/amazon-affiliate/node_modules/.property-information-QP94d58j',
52 silly reify   '/home/dan/.openclaw/workspace/projects/amazon-affiliate/node_modules/regex': '/home/dan/.openclaw/workspace/projects/amazon-affiliate/node_modules/.regex-Ky41zjQi',
52 silly reify   '/home/dan/.openclaw/workspace/projects/amazon-affiliate/node_modules/shiki': '/home/dan/.openclaw/workspace/projects/amazon-affiliate/node_modules/.shiki-07GUv8iG',
52 silly reify   '/home/dan/.openclaw/workspace/projects/amazon-affiliate/node_modules/svgo': '/home/dan/.openclaw/workspace/projects/amazon-affiliate/node_modules/.svgo-sEfEZao8',
52 silly reify   '/home/dan/.openclaw/workspace/projects/amazon-affiliate/node_modules/type-fest': '/home/dan/.openclaw/workspace/projects/amazon-affiliate/node_modules/.type-fest-e4Hm18L0',
52 silly reify   '/home/dan/.openclaw/workspace/projects/amazon-affiliate/node_modules/ultrahtml': '/home/dan/.openclaw/workspace/projects/amazon-affiliate/node_modules/.ultrahtml-4tYT6lOD',
52 silly reify   '/home/dan/.openclaw/workspace/projects/amazon-affiliate/node_modules/unstorage': '/home/dan/.openclaw/workspace/projects/amazon-affiliate/node_modules/.unstorage-FN8bsO26',
52 silly reify   '/home/dan/.openclaw/workspace/projects/amazon-affiliate/node_modules/vite': '/home/dan/.openclaw/workspace/projects/amazon-affiliate/node_modules/.vite-EIWtUHba',
52 silly reify   '/home/dan/.openclaw/workspace/projects/amazon-affiliate/node_modules/zod': '/home/dan/.openclaw/workspace/projects/amazon-affiliate/node_modules/.zod-VoRkEdfy',
52 silly reify   '/home/dan/.openclaw/workspace/projects/amazon-affiliate/node_modules/zod-to-json-schema': '/home/dan/.openclaw/workspace/projects/amazon-affiliate/node_modules/.zod-to-json-schema-66qA8WTO',
52 silly reify   '/home/dan/.openclaw/workspace/projects/amazon-affiliate/node_modules/@astrojs/compiler': '/home/dan/.openclaw/workspace/projects/amazon-affiliate/node_modules/@astrojs/.compiler-dcPoEozp',
52 silly reify   '/home/dan/.openclaw/workspace/projects/amazon-affiliate/node_modules/@astrojs/telemetry': '/home/dan/.openclaw/workspace/projects/amazon-affiliate/node_modules/@astrojs/.telemetry-4w8mDORW',
52 silly reify   '/home/dan/.openclaw/workspace/projects/amazon-affiliate/node_modules/@jridgewell/sourcemap-codec': '/home/dan/.openclaw/workspace/projects/amazon-affiliate/node_modules/@jridgewell/.sourcemap-codec-iHbK1k1E',
52 silly reify   '/home/dan/.openclaw/workspace/projects/amazon-affiliate/node_modules/@shikijs/langs': '/home/dan/.openclaw/workspace/projects/amazon-affiliate/node_modules/@shikijs/.langs-lAwk4kC5',
52 silly reify   '/home/dan/.openclaw/workspace/projects/amazon-affiliate/node_modules/@shikijs/themes': '/home/dan/.openclaw/workspace/projects/amazon-affiliate/node_modules/@shikijs/.themes-QDR6Ty2O',
52 silly reify   '/home/dan/.openclaw/workspace/projects/amazon-affiliate/node_modules/@rollup/pluginutils': '/home/dan/.openclaw/workspace/projects/amazon-affiliate/node_modules/@rollup/.pluginutils-vot1kZfJ',
52 silly reify   '/home/dan/.openclaw/workspace/projects/amazon-affiliate/node_modules/acorn': '/home/dan/.openclaw/workspace/projects/amazon-affiliate/node_modules/.acorn-g7gUk25x',
52 silly reify   '/home/dan/.openclaw/workspace/projects/amazon-affiliate/node_modules/.bin/acorn': '/home/dan/.openclaw/workspace/projects/amazon-affiliate/node_modules/.bin/.acorn-6JZnBoF9'
52 silly reify }
53 verbose stack Error: ENOTEMPTY: directory not empty, rename '/home/dan/.openclaw/workspace/projects/amazon-affiliate/node_modules/astro' -> '/home/dan/.openclaw/workspace/projects/amazon-affiliate/node_modules/.astro-psK1PBiQ'
53 verbose stack     at async Object.rename (node:internal/fs/promises:781:10)
53 verbose stack     at async moveFile (/usr/lib/node_modules/npm/node_modules/@npmcli/fs/lib/move-file.js:30:5)
53 verbose stack     at async Promise.allSettled (index 3)
53 verbose stack     at async [reifyPackages] (/usr/lib/node_modules/npm/node_modules/@npmcli/arborist/lib/arborist/reify.js:325:11)
53 verbose stack     at async Arborist.reify (/usr/lib/node_modules/npm/node_modules/@npmcli/arborist/lib/arborist/reify.js:142:5)
53 verbose stack     at async Install.exec (/usr/lib/node_modules/npm/lib/commands/install.js:150:5)
53 verbose stack     at async Npm.exec (/usr/lib/node_modules/npm/lib/npm.js:207:9)
53 verbose stack     at async module.exports (/usr/lib/node_modules/npm/lib/cli/entry.js:74:5)
54 error code ENOTEMPTY
55 error syscall rename
56 error path /home/dan/.openclaw/workspace/projects/amazon-affiliate/node_modules/astro
57 error dest /home/dan/.openclaw/workspace/projects/amazon-affiliate/node_modules/.astro-psK1PBiQ
58 error errno -39
59 error ENOTEMPTY: directory not empty, rename '/home/dan/.openclaw/workspace/projects/amazon-affiliate/node_modules/astro' -> '/home/dan/.openclaw/workspace/projects/amazon-affiliate/node_modules/.astro-psK1PBiQ'
60 silly unfinished npm timer reify 1773118271923
61 silly unfinished npm timer reify:retireShallow 1773118272035
62 verbose cwd /home/dan/.openclaw/workspace/projects/amazon-affiliate
63 verbose os Linux 6.12.73+deb13-amd64
64 verbose node v22.22.0
65 verbose npm  v10.9.4
66 verbose exit -39
67 verbose code -39
68 error A complete log of this run can be found in: /home/dan/.openclaw/workspace/projects/amazon-affiliate/.npm-cache/_logs/2026-03-10T04_51_11_722Z-debug-0.log
