2026-03-07T17:21:02+07:00 | writer | MOVED | best-gooseneck-kettle-for-pour-over | briefs/ → drafts/ | words:2095 asins:5
2026-03-07T18:17:08+07:00 | qa | MOVED | best-gooseneck-kettle-for-pour-over | drafts/ → rejected/ | FAIL:C02,C08,D05,L02
2026-03-07T18:49:17+07:00 | designer | MIGRATED | aeropress-vs-french-press | legacy→v2
2026-03-07T19:15:00+07:00 | writer | MOVED | best-gooseneck-kettle-for-pour-over | rejected/ → drafts/ | words:2152 asins:5
2026-03-07T20:18:20+07:00 | qa | MOVED | best-gooseneck-kettle-for-pour-over | drafts/ → qa-passed/ | PASS:34/34
2026-03-07T21:16:00+07:00 | writer | MOVED | best-pour-over-coffee-maker | briefs/ → drafts/ | words:2090 asins:6
2026-03-07T21:48:39+07:00 | designer | MOVED | best-gooseneck-kettle-for-pour-over | qa-passed/ → design-passed/ | changes:added-toc,aligned-header-classes,verified-v2-components,schema-present
2026-03-07T21:51:02+07:00 | deployer | MOVED | best-gooseneck-kettle-for-pour-over | design-passed/ → published/ | deployed
2026-03-07T22:18:08+07:00 | qa | MOVED | best-pour-over-coffee-maker | drafts/ → rejected/ | FAIL:C06,C07,C08,D05
2026-03-07T23:19:10+07:00 | writer | MOVED | best-pour-over-coffee-maker | rejected/ → drafts/ | words:2162 asins:6
2026-03-08T00:18:33+07:00 | qa | MOVED | best-pour-over-coffee-maker | drafts/ → qa-passed/ | PASS:34/34
2026-03-08T00:50:13+07:00 | designer | MOVED | best-pour-over-coffee-maker | qa-passed/ → design-passed/ | changes:added-canonical-header-footer,normalized-skip-link-main-id,fixed-product-card-structure,added-comparison-table-data-labels
2026-03-08T00:52:26+07:00 | deployer | MOVED | best-pour-over-coffee-maker | design-passed/ → published/ | deployed
2026-03-08T09:30:00+07:00 | strategist | CREATED | best-coffee-maker-with-grinder | briefs/
2026-03-08T11:15:00+07:00 | writer | MOVED | best-coffee-maker-with-grinder | briefs/ → drafts/ | words:2007 asins:7
2026-03-08T12:20:43+07:00 | qa | MOVED | best-coffee-maker-with-grinder | drafts/ → rejected/ | FAIL:C01,C08
2026-03-08T13:15:00+07:00 | writer | MOVED | best-coffee-maker-with-grinder | rejected/ → drafts/ | rework:fixed-2-issues
2026-03-08T07:00:17Z | feeder | PROMOTED | best-espresso-machine-under-200 | backfill/ → briefs/
2026-03-08T07:00:17Z | feeder | PROMOTED | best-burr-coffee-grinder-under-200 | backfill/ → briefs/
2026-03-08T15:20:32+07:00 | writer | MOVED | best-espresso-machine-under-200 | briefs/ → drafts/ | words:2092 asins:7
2026-03-08T17:15:00+07:00 | writer | MOVED | best-burr-coffee-grinder-under-200 | briefs/ → drafts/ | words:2086 asins:6
2026-03-08T20:00:23+07:00 | feeder | PROMOTED | best-drip-coffee-maker-under-100 | backfill/ → briefs/
2026-03-08T20:00:23+07:00 | feeder | PROMOTED | best-grind-and-brew-coffee-maker-under-200 | backfill/ → briefs/
2026-03-08T20:15:00+07:00 | qa | MOVED | best-coffee-maker-with-grinder | drafts/ → rejected/ | FAIL:C07,D03
2026-03-08T21:15:00+07:00 | writer | MOVED | best-coffee-maker-with-grinder | rejected/ → drafts/ | rework:fixed-2-issues
2026-03-08T22:17:36+07:00 | qa | MOVED | best-espresso-machine-under-200 | drafts/ → rejected/ | FAIL:C06,L02b,D03
2026-03-08T23:15:00+07:00 | writer | MOVED | best-espresso-machine-under-200 | rejected/ → drafts/ | rework:fixed-3-issues
2026-03-09T00:17:36+07:00 | qa | MOVED | best-burr-coffee-grinder-under-200 | drafts/ → rejected/ | FAIL:C08
2026-03-09T01:15:00+07:00 | writer | MOVED | best-burr-coffee-grinder-under-200 | rejected/ → drafts/ | rework:fixed-1-issues
2026-03-09T02:15:00+07:00 | qa | MOVED | best-coffee-maker-with-grinder | drafts/ → qa-passed/ | PASS:43/43
2026-03-09T03:22:01+07:00 | writer | MOVED | best-drip-coffee-maker-under-100 | briefs/ → drafts/ | words:2041 asins:8
2026-03-09T03:49:40+07:00 | designer | MOVED | best-coffee-maker-with-grinder | qa-passed/ → design-passed/ | changes:added-table-wrap-overflow,verified-D01-D08,schema:present
2026-03-09T04:17:57+07:00 | qa | MOVED | best-espresso-machine-under-200 | drafts/ → rejected/ | FAIL:C07
2026-03-09T04:50:48+07:00 | deployer | MOVED | best-coffee-maker-with-grinder | design-passed/ → published/ | deployed
2026-03-09T05:16:56+07:00 | writer | MOVED | best-espresso-machine-under-200 | rejected/ → drafts/ | rework:fixed-1-issues
2026-03-09T06:18:22+07:00 | qa | MOVED | best-burr-coffee-grinder-under-200 | drafts/ → rejected/ | FAIL:C01,C06,S07
2026-03-09T07:15:00+07:00 | writer | MOVED | best-burr-coffee-grinder-under-200 | rejected/ → drafts/ | rework:fixed-3-issues
2026-03-09T08:00:22+07:00 | feeder | PROMOTED | best-single-serve-coffee-maker-with-grinder | backfill/ → briefs/
2026-03-09T08:00:22+07:00 | feeder | PROMOTED | best-coffee-maker-with-grinder-and-k-cup-combo | backfill/ → briefs/
2026-03-09T08:18:40+07:00 | qa | MOVED | best-drip-coffee-maker-under-100 | drafts/ → rejected/ | FAIL:C08
2026-03-09T09:16:50+07:00 | writer | MOVED | best-drip-coffee-maker-under-100 | rejected/ → drafts/ | rework:fixed-1-issues
2026-03-09T09:30:00+07:00 | strategist | CREATED | best-burr-grinder-for-espresso | briefs/
2026-03-09T10:15:00+07:00 | qa | MOVED | best-espresso-machine-under-200 | drafts/ → rejected/ | FAIL:C04,C05
2026-03-09T11:17:24+07:00 | writer | MOVED | best-espresso-machine-under-200 | rejected/ → drafts/ | rework:fixed-2-issues
2026-03-09T12:11:09+07:00 | builder | MOVED | best-coffee-maker-with-grinder-and-k-cup-combo | briefs/ → deferred/ | throttle-overflow-highest-rank-brief
2026-03-09T12:11:09+07:00 | builder | MOVED | drip-vs-single-serve-coffee-maker | backfill/ → deferred/ | defer-low-priority-rank-15
2026-03-09T12:11:09+07:00 | builder | MOVED | espresso-shot-dial-in-workflow | backfill/ → deferred/ | defer-low-priority-rank-16
2026-03-09T12:11:09+07:00 | builder | MOVED | coffee-brewing-ratio-guide | backfill/ → deferred/ | defer-low-priority-rank-17
2026-03-09T12:11:09+07:00 | builder | MOVED | aeropress-vs-french-press | backfill/ → deferred/ | defer-low-priority-rank-18
2026-03-09T12:13:39+07:00 | writer | MOVED | best-grind-and-brew-coffee-maker-under-200 | briefs/ → drafts/ | words:2001 asins:7
2026-03-09T12:15:00+07:00 | qa | MOVED | best-burr-coffee-grinder-under-200 | drafts/ → qa-passed/ | PASS:43/43
2026-03-09T12:47:00+07:00 | designer | MOVED | best-burr-coffee-grinder-under-200 | qa-passed/ → design-passed/ | changes:validated-d01-d08,no-css-changes
2026-03-09T12:51:03+07:00 | deployer | MOVED | best-burr-coffee-grinder-under-200 | design-passed/ → published/ | deployed
2026-03-09T13:15:00+07:00 | writer | MOVED | best-single-serve-coffee-maker-with-grinder | briefs/ → drafts/ | words:2018 asins:7
2026-03-09T07:00:27Z | feeder | PROMOTED | best-burr-grinder-for-espresso | backfill/ → briefs/
2026-03-09T07:00:27Z | feeder | PROMOTED | best-manual-coffee-grinder-under-100 | backfill/ → briefs/
2026-03-09T14:20:29+07:00 | qa | MOVED | best-drip-coffee-maker-under-100 | drafts/ → rejected/ | FAIL:C06
2026-03-09T15:15:00+07:00 | writer | MOVED | best-drip-coffee-maker-under-100 | rejected/ → drafts/ | rework:fixed-1-issues
2026-03-09T16:18:10+07:00 | qa | MOVED | best-espresso-machine-under-200 | drafts/ → qa-passed/ | PASS:42/43
2026-03-09T18:19:24+07:00 | qa | MOVED | best-grind-and-brew-coffee-maker-under-200 | drafts/ → qa-passed/ | PASS:43/43
2026-03-09T18:47:00+07:00 | designer | MOVED | best-espresso-machine-under-200 | qa-passed/ → design-passed/ | changes:verified-d01-d08,component-props-audited,no-new-classes
2026-03-09T18:51:23+07:00 | deployer | MOVED | best-espresso-machine-under-200 | design-passed/ → published/ | deployed
2026-03-09T19:17:24+07:00 | writer | MOVED | best-burr-grinder-for-espresso | briefs/ → drafts/ | words:2056 asins:7
2026-03-09T13:00:24Z | feeder | PROMOTED | best-hand-grinder-for-espresso-under-100 | backfill/ → briefs/
2026-03-09T13:00:24Z | feeder | PROMOTED | best-coffee-grinder-for-french-press | backfill/ → briefs/
2026-03-09T20:18:22+07:00 | qa | MOVED | best-single-serve-coffee-maker-with-grinder | drafts/ → rejected/ | FAIL:L02
2026-03-09T21:18:28+07:00 | writer | MOVED | best-single-serve-coffee-maker-with-grinder | rejected/ → drafts/ | rework:fixed-1-issues
2026-03-09T21:47:00+07:00 | designer | MOVED | best-grind-and-brew-coffee-maker-under-200 | qa-passed/ → design-passed/ | changes:verified-D01-D08,no-css-changes
2026-03-09T21:50:00+07:00 | deployer | MOVED | best-grind-and-brew-coffee-maker-under-200 | design-passed/ → published/ | deployed
2026-03-09T22:17:45+07:00 | qa | MOVED | best-drip-coffee-maker-under-100 | drafts/ → qa-passed/ | PASS:43/43
2026-03-09T23:22:13+07:00 | writer | MOVED | best-coffee-grinder-for-french-press | briefs/ → drafts/ | words:2000 asins:7
2026-03-10T00:15:00+07:00 | qa | MOVED | best-burr-grinder-for-espresso | drafts/ → qa-passed/ | PASS:43/43
2026-03-10T00:47:00+07:00 | designer | MOVED | best-drip-coffee-maker-under-100 | qa-passed/ → design-passed/ | changes:validated-D01-D08,no-css-drift
2026-03-10T00:50:00+07:00 | deployer | MOVED | best-drip-coffee-maker-under-100 | design-passed/ → published/ | deployed
2026-03-10T01:21:57+07:00 | writer | MOVED | best-manual-coffee-grinder-under-100 | briefs/ → drafts/ | words:2001 asins:7
2026-03-10T01:47:00+07:00 | designer | MOVED | best-burr-grinder-for-espresso | qa-passed/ → design-passed/ | changes:badge-variant-mapping-in-comparison-table
2026-03-10T01:50:55+07:00 | deployer | MOVED | best-burr-grinder-for-espresso | design-passed/ → published/ | deployed
2026-03-10T02:15:00+07:00 | qa | MOVED | best-single-serve-coffee-maker-with-grinder | drafts/ → qa-passed/ | PASS:43/43
2026-03-10T03:20:12+07:00 | writer | MOVED | best-hand-grinder-for-espresso-under-100 | briefs/ → drafts/ | words:2042 asins:5
2026-03-10T03:47:00+07:00 | designer | MOVED | best-single-serve-coffee-maker-with-grinder | qa-passed/ → design-passed/ | changes:verified-D01-D08,no-css-changes,schema:present
2026-03-10T03:50:45+07:00 | deployer | MOVED | best-single-serve-coffee-maker-with-grinder | design-passed/ → published/ | deployed
2026-03-10T04:19:25+07:00 | qa | MOVED | best-coffee-grinder-for-french-press | drafts/ → qa-passed/ | PASS:43/43
2026-03-10T05:47:00+07:00 | designer | MOVED | best-coffee-grinder-for-french-press | qa-passed/ → design-passed/ | changes:verified-D01-D08,visual-alignment-confirmed
2026-03-10T05:50:00+07:00 | deployer | MOVED | best-coffee-grinder-for-french-press | design-passed/ → published/ | deployed
2026-03-10T06:18:16+07:00 | qa | MOVED | best-manual-coffee-grinder-under-100 | drafts/ → rejected/ | FAIL:D03
2026-03-10T07:16:09+07:00 | writer | MOVED | best-manual-coffee-grinder-under-100 | rejected/ → drafts/ | rework:fixed-1-issues
2026-03-10T08:00:00+07:00 | feeder | PROMOTED | best-coffee-grinder-for-pour-over | backfill/ → briefs/
2026-03-10T08:00:00+07:00 | feeder | PROMOTED | best-coffee-scale-for-espresso-and-pour-over | backfill/ → briefs/
2026-03-10T08:15:00+07:00 | qa | MOVED | best-hand-grinder-for-espresso-under-100 | drafts/ → rejected/ | FAIL:S02,D03
2026-03-10T09:17:32+07:00 | writer | MOVED | best-hand-grinder-for-espresso-under-100 | rejected/ → drafts/ | rework:fixed-2-issues
2026-03-10T09:30:00+07:00 | strategist | CREATED | best-gooseneck-kettle-for-pour-over | briefs/
2026-03-10T10:15:00+07:00 | qa | MOVED | best-manual-coffee-grinder-under-100 | drafts/ → qa-passed/ | PASS:43/43
2026-03-10T11:15:00+07:00 | writer | MOVED | best-coffee-grinder-for-pour-over | briefs/ → drafts/ | words:2037 asins:7
2026-03-10T11:47:00+07:00 | designer | MOVED | best-manual-coffee-grinder-under-100 | qa-passed/ → design-passed/ | changes:verified-D01-D08,no-ui-drift

2026-03-10T11:50:49+07:00 | deployer | MOVED | best-manual-coffee-grinder-under-100 | design-passed/ → published/ | deployed
2026-03-10T12:15:00+07:00 | qa | MOVED | best-hand-grinder-for-espresso-under-100 | drafts/ → qa-passed/ | PASS:43/43
2026-03-10T13:21:33+07:00 | writer | PREQA_PASS | best-coffee-scale-for-espresso-and-pour-over | checks:C01,C04,C05,C06,C07,C08,S07,L01,L02b,D03
2026-03-10T13:21:33+07:00 | writer | MOVED | best-coffee-scale-for-espresso-and-pour-over | briefs/ → drafts/ | source:brief
2026-03-10T07:00:26Z | feeder | REFRESH_GUARD_PASS | how-to-clean-burr-coffee-grinder | REFRESH_GUARD_PASS | how-to-clean-burr-coffee-grinder | new-or-unpublished | refresh_override=false
2026-03-10T07:00:26Z | feeder | PROMOTED | how-to-clean-burr-coffee-grinder | backfill/ → briefs/
2026-03-10T07:00:26Z | feeder | REFRESH_GUARD_PASS | burr-grinder-settings-for-espresso | REFRESH_GUARD_PASS | burr-grinder-settings-for-espresso | new-or-unpublished | refresh_override=false
2026-03-10T07:00:26Z | feeder | PROMOTED | burr-grinder-settings-for-espresso | backfill/ → briefs/
2026-03-10T14:19:53+07:00 | qa | MOVED | best-coffee-grinder-for-pour-over | drafts/ → rejected/ | FAIL:I04
2026-03-10T07:40:00.529Z | dashboard | MOVED | best-burr-coffee-grinder-under-200 | published/ → rework/ | rework_target:images-passed
2026-03-10T07:40:00.529Z | dashboard | MOVED | best-burr-grinder-for-espresso | published/ → rework/ | rework_target:images-passed
2026-03-10T15:17:03+07:00 | writer | PREQA_PASS | best-coffee-grinder-for-pour-over | checks:C01,C04,C05,C06,C07,C08,S07,L01,L02b,D03
2026-03-10T15:17:03+07:00 | writer | MOVED | best-coffee-grinder-for-pour-over | rejected/ → drafts/ | source:rework
2026-03-10T15:30:00+07:00 | image-agent | REWORK_PICKUP | best-burr-coffee-grinder-under-200 | rework/ → qa-passed/ | reason:hero-svg-compliance-refresh
2026-03-10T15:50:48+07:00 | deployer | MOVED | best-burr-coffee-grinder-under-200 | qa/ → published/ | deployed
2026-03-10T15:50:48+07:00 | deployer | MOVED | best-hand-grinder-for-espresso-under-100 | qa/ → published/ | deployed
2026-03-10T09:17:14+00:00 | pm | MOVED | best-coffee-grinder-for-pour-over | drafts/ → rejected/ | correction:re-route-I04-to-images
2026-03-10T17:18:47+07:00 | writer | PREQA_PASS | burr-grinder-settings-for-espresso | checks:C01,C04,C05,C06,C07,C08,S07,L01,L02b,D03
2026-03-10T17:18:47+07:00 | writer | MOVED | burr-grinder-settings-for-espresso | briefs/ → drafts/ | source:brief
2026-03-10T18:30:00+07:00 | image-agent | REWORK_PICKUP | best-burr-grinder-for-espresso | rework/ → images/ | reason:SVG graphic at the top is not the correct colour/styles. The main product image on the page is huge. Does this meet our max height standard?
2026-03-10T19:20:57+07:00 | writer | PREQA_PASS | how-to-clean-burr-coffee-grinder | checks:C01,C04,C05,C06,C07,C08,S07,L01,L02b,D03
2026-03-10T19:20:57+07:00 | writer | MOVED | how-to-clean-burr-coffee-grinder | briefs/ → drafts/ | source:brief
2026-03-10T19:49:26+07:00 | designer | MOVED | best-burr-grinder-for-espresso | images/ → design/ | changes:verified-D01-D08,validated-component-classes,confirmed-schema-present
2026-03-10T20:18:41+07:00 | qa | MOVED | best-burr-grinder-for-espresso | design/ → qa/ | PASS:47/47
2026-03-10T13:21:53+07:00 | dan | MOVED | aeropress-vs-french-press | deferred/ → backfill/ | deferred-removed
2026-03-10T13:21:53+07:00 | dan | MOVED | best-coffee-maker-with-grinder-and-k-cup-combo | deferred/ → backfill/ | deferred-removed
2026-03-10T13:21:53+07:00 | dan | MOVED | coffee-brewing-ratio-guide | deferred/ → backfill/ | deferred-removed
2026-03-10T13:21:53+07:00 | dan | MOVED | drip-vs-single-serve-coffee-maker | deferred/ → backfill/ | deferred-removed
2026-03-10T13:21:53+07:00 | dan | MOVED | espresso-shot-dial-in-workflow | deferred/ → backfill/ | deferred-removed
2026-03-10T20:50:00+07:00 | deployer | MOVED | best-burr-grinder-for-espresso | qa/ → published/ | deployed
2026-03-10T21:23:29+07:00 | writer | PREQA_PASS | best-gooseneck-kettle-for-pour-over | checks:C01,C04,C05,C06,C07,C08,S07,L01,L02b,D03
2026-03-10T21:23:29+07:00 | writer | MOVED | best-gooseneck-kettle-for-pour-over | briefs/ → drafts/ | source:brief
2026-03-10T14:25:30.625Z | dashboard | MOVED | best-coffee-maker-with-grinder | published/ → rework/ | rework_stages:images
2026-03-10T21:30:00+07:00 | image-agent | REWORK_PICKUP | best-coffee-maker-with-grinder | rework/ → images/ | reason:Missing hero SVG (best-coffee-maker-with-grinder-researched-2026.svg) — legacy page deployed before image standards existed
2026-03-10T21:47:00+07:00 | designer | MOVED | best-coffee-maker-with-grinder | images/ → design/ | changes:verified-D01-D08,no-component-fixes-required
2026-03-10T15:16:23.866Z | dashboard | MOVED | best-burr-coffee-grinder-under-200 | published/ → rework/ | rework_stages:drafts,images
2026-03-10T15:16:23.866Z | dashboard | MOVED | best-burr-grinder-for-espresso | published/ → rework/ | rework_stages:drafts,images
2026-03-10T15:16:23.866Z | dashboard | MOVED | best-coffee-grinder-for-french-press | published/ → rework/ | rework_stages:drafts,images
2026-03-10T15:16:23.866Z | dashboard | MOVED | best-drip-coffee-maker-under-100 | published/ → rework/ | rework_stages:drafts,images
2026-03-10T15:16:23.866Z | dashboard | MOVED | best-espresso-machine-under-200 | published/ → rework/ | rework_stages:drafts,images
2026-03-10T15:16:23.866Z | dashboard | MOVED | best-gooseneck-kettle-for-pour-over | published/ → rework/ | rework_stages:drafts,images
2026-03-10T15:16:23.866Z | dashboard | MOVED | best-grind-and-brew-coffee-maker-under-200 | published/ → rework/ | rework_stages:drafts,images
2026-03-10T15:16:23.866Z | dashboard | MOVED | best-hand-grinder-for-espresso-under-100 | published/ → rework/ | rework_stages:drafts,images
2026-03-10T15:16:23.866Z | dashboard | MOVED | best-manual-coffee-grinder-under-100 | published/ → rework/ | rework_stages:drafts,images
2026-03-10T15:16:23.866Z | dashboard | MOVED | best-pour-over-coffee-maker | published/ → rework/ | rework_stages:drafts,images
2026-03-10T15:16:23.866Z | dashboard | MOVED | best-single-serve-coffee-maker-with-grinder | published/ → rework/ | rework_stages:drafts,images
2026-03-10T22:20:13+07:00 | qa | MOVED | best-coffee-maker-with-grinder | design/ → rejected/ | FAIL:D03
2026-03-10T23:16:42+07:00 | writer | PREQA_PASS | best-gooseneck-kettle-for-pour-over | checks:C01,C04,C05,C06,C07,C08,S07,L01,L02b,D03
2026-03-10T23:16:42+07:00 | writer | PARTIAL_REWORK | best-gooseneck-kettle-for-pour-over | drafts done, remaining: images
2026-03-10T23:43:00+07:00 | image-agent | REWORK_PICKUP | best-gooseneck-kettle-for-pour-over | rework/ → images/ | reason:images redone from placeholder | created:1 images
2026-03-10T23:49:47+07:00 | designer | MOVED | best-gooseneck-kettle-for-pour-over | images/ → design/ | changes:validated-D01-D08,component-props-pass,no-css-class-changes
2026-03-10T23:53:00+07:00 | image-agent | MOVED | best-coffee-grinder-for-pour-over | rejected/ → design/ | created:1 images
2026-03-10T23:55:00+07:00 | image-agent | MOVED | best-coffee-scale-for-espresso-and-pour-over | drafts/ → images/ | created:0 images
2026-03-11T00:01:00+07:00 | image-agent | MOVED | burr-grinder-settings-for-espresso | drafts/ → images/ | created:1 images
2026-03-11T00:05:23+07:00 | image-agent | MOVED | how-to-clean-burr-coffee-grinder | drafts/ → images/ | created:1 images
2026-03-11T00:08:47+07:00 | qa | MOVED | best-gooseneck-kettle-for-pour-over | design/ → qa/ | PASS:49/49
2026-03-11T00:15:00+07:00 | qa | MOVED | best-coffee-grinder-for-pour-over | design/ → rejected/ | FAIL:L02
2026-03-11T00:30:00+07:00 | image-agent | MOVED | best-gooseneck-kettle-for-pour-over | drafts/ → images/ | created:0 images
2026-03-11T00:50:53+07:00 | deployer | MOVED | best-gooseneck-kettle-for-pour-over | qa/ → published/ | deployed
2026-03-11T01:22:01+07:00 | writer | PARTIAL_REWORK | best-pour-over-coffee-maker | drafts done, remaining: images
2026-03-11T01:48:55+07:00 | designer | MOVED | best-coffee-scale-for-espresso-and-pour-over | images/ → design/ | changes:replaced-raw-table-link-with-cta-button-component
2026-03-11T02:15:00+07:00 | qa | MOVED | best-coffee-scale-for-espresso-and-pour-over | design/ → qa/ | PASS:49/49
2026-03-11T02:50:46+07:00 | deployer | MOVED | best-coffee-scale-for-espresso-and-pour-over | qa/ → published/ | deployed
2026-03-11T03:17:44+07:00 | writer | PREQA_PASS | best-burr-coffee-grinder-under-200 | checks:C01,C04,C05,C06,C07,C08,S07,L01,L02b,D03
2026-03-11T03:17:44+07:00 | writer | PARTIAL_REWORK | best-burr-coffee-grinder-under-200 | drafts done, remaining: images
2026-03-11T03:30:00+07:00 | image-agent | REWORK_PICKUP | best-pour-over-coffee-maker | rework/ → images/ | reason:hero-svg-regenerated
2026-03-11T03:47:00+07:00 | designer | MOVED | best-pour-over-coffee-maker | images/ → design/ | changes:validated-D01-D08,no-design-fixes-needed,schema-present
2026-03-11T04:15:00+07:00 | qa | MOVED | best-pour-over-coffee-maker | design/ → rejected/ | FAIL:C08
2026-03-11T05:17:37+07:00 | writer | PREQA_PASS | best-burr-grinder-for-espresso | checks:C01,C04,C05,C06,C07,C08,S07,L01,L02b,D03
2026-03-11T05:17:37+07:00 | writer | PARTIAL_REWORK | best-burr-grinder-for-espresso | drafts done, remaining: images
2026-03-11T05:48:41+07:00 | designer | MOVED | burr-grinder-settings-for-espresso | images/ → design/ | changes:validated-v2-component-usage-cta-table-wrap-d01-d08-pass
2026-03-11T06:15:00+07:00 | qa | MOVED | burr-grinder-settings-for-espresso | design/ → rejected/ | FAIL:S02
2026-03-11T06:30:00+07:00 | image-agent | REWORK_PICKUP | best-burr-coffee-grinder-under-200 | rework/ → images/ | reason:hero svg recreated from IMAGE_PLACEHOLDER
2026-03-11T07:19:25+07:00 | writer | PREQA_PASS | best-espresso-machine-under-200 | checks:C01,C04,C05,C06,C07,C08,S07,L01,L02b,D03
2026-03-11T07:19:25+07:00 | writer | PARTIAL_REWORK | best-espresso-machine-under-200 | drafts done, remaining: images
2026-03-11T07:48:53+07:00 | designer | MOVED | best-burr-coffee-grinder-under-200 | images/ → design/ | changes:verified-d01-d08,no-css-changes-needed
2026-03-11T08:00:40+07:00 | feeder | REFRESH_GUARD_PASS | best-coffee-maker-with-grinder-and-k-cup-combo | new-or-unpublished
2026-03-11T08:00:40+07:00 | feeder | PROMOTED | best-coffee-maker-with-grinder-and-k-cup-combo | backfill/ → briefs/
2026-03-11T08:00:40+07:00 | feeder | REFRESH_GUARD_PASS | drip-vs-single-serve-coffee-maker | new-or-unpublished
2026-03-11T08:00:40+07:00 | feeder | PROMOTED | drip-vs-single-serve-coffee-maker | backfill/ → briefs/
2026-03-11T08:18:13+07:00 | qa | MOVED | best-burr-coffee-grinder-under-200 | design/ → qa/ | PASS:49/49
2026-03-11T08:50:39+07:00 | deployer | MOVED | best-burr-coffee-grinder-under-200 | qa/ → published/ | deployed
2026-03-11T09:16:57+07:00 | writer | PREQA_PASS | best-coffee-grinder-for-french-press | checks:C01,C04,C05,C06,C07,C08,S07,L01,L02b,D03
2026-03-11T09:16:57+07:00 | writer | PARTIAL_REWORK | best-coffee-grinder-for-french-press | drafts done, remaining: images
2026-03-11T02:30:49.861Z | dashboard | MOVED | best-burr-coffee-grinder-under-200 | published/ → rework/ | rework_stages:images
2026-03-11T09:32:31+07:00 | strategist | REFRESH_GUARD_PASS | best-coffee-scale-for-espresso-and-pour-over | published-duplicate-allowed
2026-03-11T09:32:31+07:00 | strategist | CREATED | best-coffee-scale-for-espresso-and-pour-over | briefs/
2026-03-11T09:32:57+07:00 | image-agent | REWORK_PICKUP | best-burr-grinder-for-espresso | rework/ → images/ | reason:images-redone
2026-03-11T09:43:00+07:00 | designer | MOVED | how-to-clean-burr-coffee-grinder | images/ → design/ | changes:validated-d01-d08,design-system-pass,no-css-changes
2026-03-11T09:47:00+07:00 | designer | MOVED | best-burr-grinder-for-espresso | images/ → design/ | changes:validated-d01-d08-no-source-edits
2026-03-11T10:15:00+07:00 | qa | MOVED | how-to-clean-burr-coffee-grinder | design/ → rejected/ | FAIL:D03
2026-03-11T11:17:23+07:00 | writer | PREQA_PASS | best-drip-coffee-maker-under-100 | checks:C01,C04,C05,C06,C07,C08,S07,L01,L02b,D03
2026-03-11T11:17:23+07:00 | writer | PARTIAL_REWORK | best-drip-coffee-maker-under-100 | drafts done, remaining: images
2026-03-11T11:42:00+07:00 | qa | MOVED | best-burr-grinder-for-espresso | design/ → qa/ | PASS:49/49
2026-03-11T11:49:02+07:00 | designer | MOVED | best-gooseneck-kettle-for-pour-over | images/ → design/ | changes:validated-D01-D08,design-system-compliance-confirmed,schema-present
2026-03-11T11:51:04+07:00 | deployer | MOVED | best-burr-grinder-for-espresso | qa/ → published/ | deployed
2026-03-11T12:15:00+07:00 | qa | MOVED | best-gooseneck-kettle-for-pour-over | design/ → qa/ | PASS:49/49
2026-03-11T12:30:00+07:00 | image-agent | REWORK_PICKUP | best-espresso-machine-under-200 | rework/ → images/ | reason:redo SVGs from placeholder workflow
2026-03-11T12:51:19+07:00 | deployer | MOVED | best-gooseneck-kettle-for-pour-over | qa/ → published/ | deployed
2026-03-11T06:21:35.158+00:00 | writer | PREQA_PASS | best-grind-and-brew-coffee-maker-under-200 | checks:C01,S02,C04,C05,C06,C07,C08,S07,L01,L02b,D03
2026-03-11T06:21:35.160+00:00 | writer | PARTIAL_REWORK | best-grind-and-brew-coffee-maker-under-200 | drafts done, remaining: images
2026-03-11T06:33:12.103+00:00 | writer | PREQA_PASS | best-hand-grinder-for-espresso-under-100 | checks:C01,S02,C04,C05,C06,C07,C08,S07,L01,L02b,D03
2026-03-11T06:33:12.104+00:00 | writer | PARTIAL_REWORK | best-hand-grinder-for-espresso-under-100 | drafts done, remaining: images
2026-03-11T06:34:52.791+00:00 | designer | MOVED | best-espresso-machine-under-200 | images/ → design/ | source:images
2026-03-11T06:38:09.316+00:00 | qa | MOVED | best-espresso-machine-under-200 | design/ → qa/ | source:design
2026-03-11T06:50:42.923+00:00 | deployer | MOVED | best-espresso-machine-under-200 | qa/ → published/ | source:qa
2026-03-11T07:01:00.835+00:00 | writer | PREQA_PASS | best-manual-coffee-grinder-under-100 | checks:C01,S02,C04,C05,C06,C07,C08,S07,L01,L02b,D03
2026-03-11T07:01:00.837+00:00 | writer | PARTIAL_REWORK | best-manual-coffee-grinder-under-100 | drafts done, remaining: images
2026-03-11T07:02:41.240+00:00 | image-agent | MOVED | best-burr-coffee-grinder-under-200 | rework/ → design/ | source:rework
2026-03-11T07:17:39.677+00:00 | qa | MOVED | best-burr-coffee-grinder-under-200 | design/ → qa/ | source:design
2026-03-11T07:50:53.875+00:00 | deployer | MOVED | best-burr-coffee-grinder-under-200 | qa/ → published/ | source:qa
2026-03-11T08:18:53.259+00:00 | writer | PREQA_PASS | best-single-serve-coffee-maker-with-grinder | checks:C01,S02,C04,C05,C06,C07,C08,S07,L01,L02b,D03
2026-03-11T08:18:53.261+00:00 | writer | PARTIAL_REWORK | best-single-serve-coffee-maker-with-grinder | drafts done, remaining: images
2026-03-11T08:31:12.276+00:00 | image-agent | MOVED | best-coffee-grinder-for-french-press | rework/ → design/ | source:rework
2026-03-11T09:06:11.532+00:00 | image-agent | MOVED | best-drip-coffee-maker-under-100 | rework/ → design/ | source:rework
2026-03-11T09:10:40.644+00:00 | image-agent | MOVED | best-grind-and-brew-coffee-maker-under-200 | rework/ → design/ | source:rework
2026-03-11T09:18:14.527+00:00 | qa | MOVED | best-coffee-grinder-for-french-press | design/ → qa/ | source:design
2026-03-11T09:50:57.030+00:00 | deployer | MOVED | best-coffee-grinder-for-french-press | qa/ → published/ | source:qa
2026-03-11T10:16:09.253+00:00 | writer | PREQA_PASS | best-pour-over-coffee-maker | checks:C01,S02,C04,C05,C06,C07,C08,S07,L01,L02b,D03
2026-03-11T10:16:09.255+00:00 | writer | MOVED | best-pour-over-coffee-maker | rejected/ → design/ | source:rejected
